加载入文件完成...
{'modifyTime': 1582205067000, 'confirmedIncr': 404, 'curedCount': 16698, 'seriousCount': 11864, 'seriousIncr': -113, 'currentConfirmedIncr': -2023, 'suspectedCount': 4922, 'suspectedIncr': 1277, 'deadIncr': 116, 'curedIncr': 2311, 'confirmedCount': 74680, 'currentConfirmedCount': 55860, 'deadCount': 2122}
Done.
https://img1.dxycdn.com/2020/0220/014/3397684583507458039-135.png
https://img1.dxycdn.com/2020/0220/697/3397684611424536901-135.png
https://img1.dxycdn.com/2020/0220/861/3397684624309439853-135.png
https://img1.dxycdn.com/2020/0220/168/3397686703073768694-135.png
https://img1.dxycdn.com/2020/0220/709/3397686724548816431-135.png
https://img1.dxycdn.com/2020/0220/493/3397684665111843068-135.png
https://img1.dxycdn.com/2020/0220/699/3397687254977313267-135.png
https://img1.dxycdn.com/2020/0220/388/3397684708061308811-135.png
https://img1.dxycdn.com/2020/0220/890/3397684729536357480-135.png
https://img1.dxycdn.com/2020/0220/307/3397684753158469028-135.png
DXY Data update.32512
n163 Data update.0
加载入文件完成...
['https://img1.dxycdn.com/2020/0211/763/3395998884005602079-135.png', 'https://img1.dxycdn.com/2020/0211/362/3395998896890788910-135.png', 'https://img1.dxycdn.com/2020/0211/365/3395998905480724211-135.png', 'https://img1.dxycdn.com/2020/0211/364/3395998916217859778-135.png', 'https://img1.dxycdn.com/2020/0211/922/3395998929103046444-135.png', 'https://img1.dxycdn.com/2020/0211/089/3395998939840182072-135.png']
https://img1.dxycdn.com/2020/0220/014/3397684583507458039-135.png
(1130, 580)
https://img1.dxycdn.com/2020/0220/697/3397684611424536901-135.png
(1572, 886)
https://img1.dxycdn.com/2020/0220/861/3397684624309439853-135.png
(1651, 900)
https://img1.dxycdn.com/2020/0220/168/3397686703073768694-135.png
(1650, 900)
https://img1.dxycdn.com/2020/0220/709/3397686724548816431-135.png
(1650, 900)
https://img1.dxycdn.com/2020/0220/493/3397684665111843068-135.png
(1759, 902)
https://img1.dxycdn.com/2020/0220/699/3397687254977313267-135.png
(1759, 902)
https://img1.dxycdn.com/2020/0220/388/3397684708061308811-135.png
(1650, 900)
https://img1.dxycdn.com/2020/0220/890/3397684729536357480-135.png
(1650, 900)
https://img1.dxycdn.com/2020/0220/307/3397684753158469028-135.png
(1651, 900)
安装依赖32512
build complete32512
Done.0
GB Done.0
加载入文件完成...
{'suspectedIncr': 1277, 'curedIncr': 2334, 'suspectedCount': 4922, 'currentConfirmedIncr': -2046, 'curedCount': 16721, 'deadCount': 2122, 'confirmedIncr': 404, 'modifyTime': 1582207678000, 'seriousIncr': -113, 'seriousCount': 11864, 'currentConfirmedCount': 55837, 'confirmedCount': 74680, 'deadIncr': 116}
Done.
https://img1.dxycdn.com/2020/0220/014/3397684583507458039-135.png
https://img1.dxycdn.com/2020/0220/697/3397684611424536901-135.png
https://img1.dxycdn.com/2020/0220/861/3397684624309439853-135.png
https://img1.dxycdn.com/2020/0220/168/3397686703073768694-135.png
https://img1.dxycdn.com/2020/0220/709/3397686724548816431-135.png
https://img1.dxycdn.com/2020/0220/493/3397684665111843068-135.png
https://img1.dxycdn.com/2020/0220/699/3397687254977313267-135.png
https://img1.dxycdn.com/2020/0220/388/3397684708061308811-135.png
https://img1.dxycdn.com/2020/0220/890/3397684729536357480-135.png
https://img1.dxycdn.com/2020/0220/307/3397684753158469028-135.png
DXY Data update.32512
n163 Data update.0
加载入文件完成...
['https://img1.dxycdn.com/2020/0211/763/3395998884005602079-135.png', 'https://img1.dxycdn.com/2020/0211/362/3395998896890788910-135.png', 'https://img1.dxycdn.com/2020/0211/365/3395998905480724211-135.png', 'https://img1.dxycdn.com/2020/0211/364/3395998916217859778-135.png', 'https://img1.dxycdn.com/2020/0211/922/3395998929103046444-135.png', 'https://img1.dxycdn.com/2020/0211/089/3395998939840182072-135.png']
https://img1.dxycdn.com/2020/0220/014/3397684583507458039-135.png
(1130, 580)
https://img1.dxycdn.com/2020/0220/697/3397684611424536901-135.png
(1572, 886)
https://img1.dxycdn.com/2020/0220/861/3397684624309439853-135.png
(1651, 900)
https://img1.dxycdn.com/2020/0220/168/3397686703073768694-135.png
(1650, 900)
https://img1.dxycdn.com/2020/0220/709/3397686724548816431-135.png
(1650, 900)
https://img1.dxycdn.com/2020/0220/493/3397684665111843068-135.png
(1759, 902)
https://img1.dxycdn.com/2020/0220/699/3397687254977313267-135.png
(1759, 902)
https://img1.dxycdn.com/2020/0220/388/3397684708061308811-135.png
(1650, 900)
https://img1.dxycdn.com/2020/0220/890/3397684729536357480-135.png
(1650, 900)
https://img1.dxycdn.com/2020/0220/307/3397684753158469028-135.png
(1651, 900)
安装依赖32512
build complete32512
Done.0
GB Done.0
加载入文件完成...
{'curedCount': 16721, 'modifyTime': 1582207678000, 'currentConfirmedIncr': -2046, 'suspectedCount': 4922, 'suspectedIncr': 1277, 'confirmedIncr': 404, 'seriousIncr': -113, 'confirmedCount': 74680, 'deadIncr': 116, 'curedIncr': 2334, 'currentConfirmedCount': 55837, 'seriousCount': 11864, 'deadCount': 2122}
Done.
https://img1.dxycdn.com/2020/0220/014/3397684583507458039-135.png
https://img1.dxycdn.com/2020/0220/697/3397684611424536901-135.png
https://img1.dxycdn.com/2020/0220/861/3397684624309439853-135.png
https://img1.dxycdn.com/2020/0220/168/3397686703073768694-135.png
https://img1.dxycdn.com/2020/0220/709/3397686724548816431-135.png
https://img1.dxycdn.com/2020/0220/493/3397684665111843068-135.png
https://img1.dxycdn.com/2020/0220/699/3397687254977313267-135.png
https://img1.dxycdn.com/2020/0220/388/3397684708061308811-135.png
https://img1.dxycdn.com/2020/0220/890/3397684729536357480-135.png
https://img1.dxycdn.com/2020/0220/307/3397684753158469028-135.png
DXY Data update.32512
n163 Data update.0
加载入文件完成...
['https://img1.dxycdn.com/2020/0211/763/3395998884005602079-135.png', 'https://img1.dxycdn.com/2020/0211/362/3395998896890788910-135.png', 'https://img1.dxycdn.com/2020/0211/365/3395998905480724211-135.png', 'https://img1.dxycdn.com/2020/0211/364/3395998916217859778-135.png', 'https://img1.dxycdn.com/2020/0211/922/3395998929103046444-135.png', 'https://img1.dxycdn.com/2020/0211/089/3395998939840182072-135.png']
https://img1.dxycdn.com/2020/0220/014/3397684583507458039-135.png
(1130, 580)
https://img1.dxycdn.com/2020/0220/697/3397684611424536901-135.png
(1572, 886)
https://img1.dxycdn.com/2020/0220/861/3397684624309439853-135.png
(1651, 900)
https://img1.dxycdn.com/2020/0220/168/3397686703073768694-135.png
(1650, 900)
https://img1.dxycdn.com/2020/0220/709/3397686724548816431-135.png
(1650, 900)
https://img1.dxycdn.com/2020/0220/493/3397684665111843068-135.png
(1759, 902)
https://img1.dxycdn.com/2020/0220/699/3397687254977313267-135.png
(1759, 902)
https://img1.dxycdn.com/2020/0220/388/3397684708061308811-135.png
(1650, 900)
https://img1.dxycdn.com/2020/0220/890/3397684729536357480-135.png
(1650, 900)
https://img1.dxycdn.com/2020/0220/307/3397684753158469028-135.png
(1651, 900)
安装依赖32512
build complete32512
Done.0
GB Done.0
加载入文件完成...
{'deadIncr': 116, 'modifyTime': 1582207678000, 'currentConfirmedIncr': -2046, 'deadCount': 2122, 'confirmedIncr': 404, 'seriousCount': 11864, 'seriousIncr': -113, 'suspectedCount': 4922, 'confirmedCount': 74680, 'curedIncr': 2334, 'suspectedIncr': 1277, 'currentConfirmedCount': 55837, 'curedCount': 16721}
Done.
https://img1.dxycdn.com/2020/0220/014/3397684583507458039-135.png
https://img1.dxycdn.com/2020/0220/697/3397684611424536901-135.png
https://img1.dxycdn.com/2020/0220/861/3397684624309439853-135.png
https://img1.dxycdn.com/2020/0220/168/3397686703073768694-135.png
https://img1.dxycdn.com/2020/0220/709/3397686724548816431-135.png
https://img1.dxycdn.com/2020/0220/493/3397684665111843068-135.png
https://img1.dxycdn.com/2020/0220/699/3397687254977313267-135.png
https://img1.dxycdn.com/2020/0220/388/3397684708061308811-135.png
https://img1.dxycdn.com/2020/0220/890/3397684729536357480-135.png
https://img1.dxycdn.com/2020/0220/307/3397684753158469028-135.png
DXY Data update.32512
n163 Data update.0
加载入文件完成...
['https://img1.dxycdn.com/2020/0211/763/3395998884005602079-135.png', 'https://img1.dxycdn.com/2020/0211/362/3395998896890788910-135.png', 'https://img1.dxycdn.com/2020/0211/365/3395998905480724211-135.png', 'https://img1.dxycdn.com/2020/0211/364/3395998916217859778-135.png', 'https://img1.dxycdn.com/2020/0211/922/3395998929103046444-135.png', 'https://img1.dxycdn.com/2020/0211/089/3395998939840182072-135.png']
https://img1.dxycdn.com/2020/0220/014/3397684583507458039-135.png
(1130, 580)
https://img1.dxycdn.com/2020/0220/697/3397684611424536901-135.png
(1572, 886)
https://img1.dxycdn.com/2020/0220/861/3397684624309439853-135.png
(1651, 900)
https://img1.dxycdn.com/2020/0220/168/3397686703073768694-135.png
(1650, 900)
https://img1.dxycdn.com/2020/0220/709/3397686724548816431-135.png
(1650, 900)
https://img1.dxycdn.com/2020/0220/493/3397684665111843068-135.png
(1759, 902)
https://img1.dxycdn.com/2020/0220/699/3397687254977313267-135.png
(1759, 902)
https://img1.dxycdn.com/2020/0220/388/3397684708061308811-135.png
(1650, 900)
https://img1.dxycdn.com/2020/0220/890/3397684729536357480-135.png
(1650, 900)
https://img1.dxycdn.com/2020/0220/307/3397684753158469028-135.png
(1651, 900)
安装依赖32512
build complete32512
Done.0
GB Done.0
